This file contains any messages produced by compilers while
running configure, to aid debugging if configure makes a mistake.

It was created by sinsy configure 0.92, which was
generated by GNU Autoconf 2.69.  Invocation command line was

  $ ./configure --host=wasm32-unknown-emscripten CPPFLAGS=-I/workspaces/sinsy/wasm_install/include

## --------- ##
## Platform. ##
## --------- ##

hostname = codespaces-11f37e
uname -m = x86_64
uname -r = 6.8.0-1030-azure
uname -s = Linux
uname -v = #35~22.04.1-Ubuntu SMP Mon May 26 18:08:30 UTC 2025

/usr/bin/uname -p = x86_64
/bin/uname -X     = unknown

/bin/arch              = x86_64
/usr/bin/arch -k       = unknown
/usr/convex/getsysinfo = unknown
/usr/bin/hostinfo      = unknown
/bin/machine           = unknown
/usr/bin/oslevel       = unknown
/bin/universe          = unknown

PATH: /workspaces/sinsy/emsdk/upstream/emscripten/cache/sysroot/bin
PATH: /workspaces/sinsy/emsdk
PATH: /workspaces/sinsy/emsdk/upstream/emscripten
PATH: /vscode/bin/linux-x64/bf9252a2fb45be6893dd8870c0bf37e2e1766d61/bin/remote-cli
PATH: /home/codespace/.local/bin
PATH: /home/codespace/.dotnet
PATH: /home/codespace/nvm/current/bin
PATH: /home/codespace/.php/current/bin
PATH: /home/codespace/.python/current/bin
PATH: /home/codespace/java/current/bin
PATH: /home/codespace/.ruby/current/bin
PATH: /usr/local/python/current/bin
PATH: /usr/local/py-utils/bin
PATH: /usr/local/jupyter
PATH: /usr/local/oryx
PATH: /usr/local/go/bin
PATH: /go/bin
PATH: /usr/local/sdkman/bin
PATH: /usr/local/sdkman/candidates/java/current/bin
PATH: /usr/local/sdkman/candidates/gradle/current/bin
PATH: /usr/local/sdkman/candidates/maven/current/bin
PATH: /usr/local/sdkman/candidates/ant/current/bin
PATH: /usr/local/rvm/gems/default/bin
PATH: /usr/local/rvm/gems/default@global/bin
PATH: /usr/local/rvm/rubies/default/bin
PATH: /usr/local/share/rbenv/bin
PATH: /usr/local/php/current/bin
PATH: /opt/conda/bin
PATH: /usr/local/nvs
PATH: /usr/local/share/nvm/current/bin
PATH: /usr/local/hugo/bin
PATH: /usr/local/sbin
PATH: /usr/local/bin
PATH: /usr/sbin
PATH: /usr/bin
PATH: /sbin
PATH: /bin
PATH: /usr/share/dotnet
PATH: /home/codespace/.dotnet/tools
PATH: /usr/local/rvm/bin


## ----------- ##
## Core tests. ##
## ----------- ##

configure:2502: checking for a BSD-compatible install
configure:2570: result: /usr/bin/install -c
configure:2581: checking whether build environment is sane
configure:2636: result: yes
configure:2693: checking for wasm32-unknown-emscripten-strip
configure:2723: result: no
configure:2733: checking for strip
configure:2749: found /usr/bin/strip
configure:2760: result: strip
configure:2785: checking for a thread-safe mkdir -p
configure:2824: result: /usr/bin/mkdir -p
configure:2831: checking for gawk
configure:2847: found /usr/bin/gawk
configure:2858: result: gawk
configure:2869: checking whether make sets $(MAKE)
configure:2891: result: yes
configure:2920: checking whether make supports nested variables
configure:2937: result: yes
configure:3177: checking for C++ compiler version
configure:3186: /workspaces/sinsy/emsdk/upstream/emscripten/em++ --version >&5
emcc (Emscripten gcc/clang-like replacement + linker emulating GNU ld) 4.0.21 (d6f42310010ddec0753a69bab01a4b33aae255b7)
Copyright (C) 2025 the Emscripten authors (see AUTHORS.txt)
This is free and open source software under the MIT license.
There is NO warranty; not even for MERCHANTABILITY or FITNESS FOR A PARTICULAR PURPOSE.

configure:3197: $? = 0
configure:3186: /workspaces/sinsy/emsdk/upstream/emscripten/em++ -v >&5
emcc (Emscripten gcc/clang-like replacement + linker emulating GNU ld) 4.0.21 (d6f42310010ddec0753a69bab01a4b33aae255b7)
clang version 22.0.0git (https:/github.com/llvm/llvm-project 60513b8d6ebacde46e8fbe4faf1319ac87e990e3)
Target: wasm32-unknown-emscripten
Thread model: posix
InstalledDir: /workspaces/sinsy/emsdk/upstream/bin
configure:3197: $? = 0
configure:3186: /workspaces/sinsy/emsdk/upstream/emscripten/em++ -V >&5
em++: error: no input files
configure:3197: $? = 1
configure:3186: /workspaces/sinsy/emsdk/upstream/emscripten/em++ -qversion >&5
em++: error: no input files
configure:3197: $? = 1
configure:3217: checking whether the C++ compiler works
configure:3239: /workspaces/sinsy/emsdk/upstream/emscripten/em++  -I/workspaces/sinsy/wasm_install/include  conftest.cpp  >&5
configure:3243: $? = 0
configure:3291: result: yes
configure:3294: checking for C++ compiler default output file name
configure:3296: result: a.out
configure:3302: checking for suffix of executables
configure:3309: /workspaces/sinsy/emsdk/upstream/emscripten/em++ -o conftest  -I/workspaces/sinsy/wasm_install/include  conftest.cpp  >&5
configure:3313: $? = 0
configure:3335: result: 
configure:3357: checking whether we are cross compiling
configure:3365: /workspaces/sinsy/emsdk/upstream/emscripten/em++ -o conftest  -I/workspaces/sinsy/wasm_install/include  conftest.cpp  >&5
configure:3369: $? = 0
configure:3376: ./conftest
configure:3380: $? = 0
configure:3368: result: no
configure:3373: checking for suffix of object files
configure:3395: /workspaces/sinsy/emsdk/upstream/emscripten/em++ -c  -I/workspaces/sinsy/wasm_install/include conftest.cpp >&5
configure:3399: $? = 0
configure:3420: result: o
configure:3424: checking whether we are using the GNU C++ compiler
configure:3443: /workspaces/sinsy/emsdk/upstream/emscripten/em++ -c  -I/workspaces/sinsy/wasm_install/include conftest.cpp >&5
configure:3443: $? = 0
configure:3452: result: yes
configure:3461: checking whether /workspaces/sinsy/emsdk/upstream/emscripten/em++ accepts -g
configure:3481: /workspaces/sinsy/emsdk/upstream/emscripten/em++ -c -g -I/workspaces/sinsy/wasm_install/include conftest.cpp >&5
configure:3481: $? = 0
configure:3522: result: yes
configure:3548: checking whether make supports the include directive
configure:3563: make -f confmf.GNU && cat confinc.out
this is the am__doit target
configure:3566: $? = 0
configure:3585: result: yes (GNU style)
configure:3610: checking dependency style of /workspaces/sinsy/emsdk/upstream/emscripten/em++
configure:3721: result: gcc3
configure:3746: checking for wasm32-unknown-emscripten-gcc
configure:3773: result: /workspaces/sinsy/emsdk/upstream/emscripten/emcc
configure:4042: checking for C compiler version
configure:4051: /workspaces/sinsy/emsdk/upstream/emscripten/emcc --version >&5
emcc (Emscripten gcc/clang-like replacement + linker emulating GNU ld) 4.0.21 (d6f42310010ddec0753a69bab01a4b33aae255b7)
Copyright (C) 2025 the Emscripten authors (see AUTHORS.txt)
This is free and open source software under the MIT license.
There is NO warranty; not even for MERCHANTABILITY or FITNESS FOR A PARTICULAR PURPOSE.

configure:4062: $? = 0
configure:4051: /workspaces/sinsy/emsdk/upstream/emscripten/emcc -v >&5
emcc (Emscripten gcc/clang-like replacement + linker emulating GNU ld) 4.0.21 (d6f42310010ddec0753a69bab01a4b33aae255b7)
clang version 22.0.0git (https:/github.com/llvm/llvm-project 60513b8d6ebacde46e8fbe4faf1319ac87e990e3)
Target: wasm32-unknown-emscripten
Thread model: posix
InstalledDir: /workspaces/sinsy/emsdk/upstream/bin
configure:4062: $? = 0
configure:4051: /workspaces/sinsy/emsdk/upstream/emscripten/emcc -V >&5
emcc: error: no input files
configure:4062: $? = 1
configure:4051: /workspaces/sinsy/emsdk/upstream/emscripten/emcc -qversion >&5
emcc: error: no input files
configure:4062: $? = 1
configure:4066: checking whether we are using the GNU C compiler
configure:4085: /workspaces/sinsy/emsdk/upstream/emscripten/emcc -c  -I/workspaces/sinsy/wasm_install/include conftest.c >&5
configure:4085: $? = 0
configure:4094: result: yes
configure:4103: checking whether /workspaces/sinsy/emsdk/upstream/emscripten/emcc accepts -g
configure:4123: /workspaces/sinsy/emsdk/upstream/emscripten/emcc -c -g -I/workspaces/sinsy/wasm_install/include conftest.c >&5
configure:4123: $? = 0
configure:4164: result: yes
configure:4181: checking for /workspaces/sinsy/emsdk/upstream/emscripten/emcc option to accept ISO C89
configure:4244: /workspaces/sinsy/emsdk/upstream/emscripten/emcc  -c -g -O2 -I/workspaces/sinsy/wasm_install/include conftest.c >&5
conftest.c:17:14: warning: a function definition without a prototype is deprecated in all versions of C and is not supported in C23 [-Wdeprecated-non-prototype]
   17 | static char *e (p, i)
      |              ^
1 warning generated.
configure:4244: $? = 0
configure:4257: result: none needed
configure:4282: checking whether /workspaces/sinsy/emsdk/upstream/emscripten/emcc understands -c and -o together
configure:4304: /workspaces/sinsy/emsdk/upstream/emscripten/emcc -c conftest.c -o conftest2.o
configure:4307: $? = 0
configure:4304: /workspaces/sinsy/emsdk/upstream/emscripten/emcc -c conftest.c -o conftest2.o
configure:4307: $? = 0
configure:4319: result: yes
configure:4338: checking dependency style of /workspaces/sinsy/emsdk/upstream/emscripten/emcc
configure:4449: result: gcc3
configure:4469: checking for wasm32-unknown-emscripten-ranlib
configure:4496: result: /workspaces/sinsy/emsdk/upstream/emscripten/emranlib
configure:4564: checking for wasm32-unknown-emscripten-ar
configure:4591: result: /workspaces/sinsy/emsdk/upstream/emscripten/emar
configure:4656: checking for log in -lm
configure:4681: /workspaces/sinsy/emsdk/upstream/emscripten/emcc -o conftest -g -O2 -I/workspaces/sinsy/wasm_install/include  conftest.c -lm   >&5
conftest.c:18:6: warning: incompatible redeclaration of library function 'log' [-Wincompatible-library-redeclaration]
   18 | char log ();
      |      ^
conftest.c:18:6: note: 'log' is a builtin with type 'double (double)'
1 warning generated.
wasm-ld: warning: function signature mismatch: log
>>> defined as () -> i32 in /tmp/emscripten_temp_j6he3nyc/conftest.o
>>> defined as (f64) -> f64 in /workspaces/sinsy/emsdk/upstream/emscripten/cache/sysroot/lib/wasm32-emscripten/libc.a(log.o)
emcc: warning: running limited binaryen optimizations because DWARF info requested (or indirectly required) [-Wlimited-postlink-optimizations]
configure:4681: $? = 0
configure:4690: result: yes
configure:4709: checking how to run the C preprocessor
configure:4740: /workspaces/sinsy/emsdk/upstream/emscripten/emcc -E -I/workspaces/sinsy/wasm_install/include conftest.c
configure:4740: $? = 0
configure:4754: /workspaces/sinsy/emsdk/upstream/emscripten/emcc -E -I/workspaces/sinsy/wasm_install/include conftest.c
conftest.c:12:10: fatal error: 'ac_nonexistent.h' file not found
   12 | #include <ac_nonexistent.h>
      |          ^~~~~~~~~~~~~~~~~~
1 error generated.
configure:4754: $? = 1
configure: failed program was:
| /* confdefs.h */
| #define PACKAGE_NAME "sinsy"
| #define PACKAGE_TARNAME "sinsy"
| #define PACKAGE_VERSION "0.92"
| #define PACKAGE_STRING "sinsy 0.92"
| #define PACKAGE_BUGREPORT "http://sinsy.sourceforge.net/"
| #define PACKAGE_URL ""
| #define PACKAGE "sinsy"
| #define VERSION "0.92"
| #define HAVE_LIBM 1
| /* end confdefs.h.  */
| #include <ac_nonexistent.h>
configure:4779: result: /workspaces/sinsy/emsdk/upstream/emscripten/emcc -E
configure:4799: /workspaces/sinsy/emsdk/upstream/emscripten/emcc -E -I/workspaces/sinsy/wasm_install/include conftest.c
configure:4799: $? = 0
configure:4813: /workspaces/sinsy/emsdk/upstream/emscripten/emcc -E -I/workspaces/sinsy/wasm_install/include conftest.c
conftest.c:12:10: fatal error: 'ac_nonexistent.h' file not found
   12 | #include <ac_nonexistent.h>
      |          ^~~~~~~~~~~~~~~~~~
1 error generated.
configure:4813: $? = 1
configure: failed program was:
| /* confdefs.h */
| #define PACKAGE_NAME "sinsy"
| #define PACKAGE_TARNAME "sinsy"
| #define PACKAGE_VERSION "0.92"
| #define PACKAGE_STRING "sinsy 0.92"
| #define PACKAGE_BUGREPORT "http://sinsy.sourceforge.net/"
| #define PACKAGE_URL ""
| #define PACKAGE "sinsy"
| #define VERSION "0.92"
| #define HAVE_LIBM 1
| /* end confdefs.h.  */
| #include <ac_nonexistent.h>
configure:4842: checking for grep that handles long lines and -e
configure:4900: result: /usr/bin/grep
configure:4905: checking for egrep
configure:4967: result: /usr/bin/grep -E
configure:4972: checking for ANSI C header files
configure:4992: /workspaces/sinsy/emsdk/upstream/emscripten/emcc -c -g -O2 -I/workspaces/sinsy/wasm_install/include conftest.c >&5
configure:4992: $? = 0
configure:5065: /workspaces/sinsy/emsdk/upstream/emscripten/emcc -o conftest -g -O2 -I/workspaces/sinsy/wasm_install/include  conftest.c -lm  >&5
emcc: warning: running limited binaryen optimizations because DWARF info requested (or indirectly required) [-Wlimited-postlink-optimizations]
configure:5065: $? = 0
configure:5065: ./conftest
configure:5065: $? = 0
configure:5076: result: yes
configure:5089: checking for sys/types.h
configure:5089: /workspaces/sinsy/emsdk/upstream/emscripten/emcc -c -g -O2 -I/workspaces/sinsy/wasm_install/include conftest.c >&5
configure:5089: $? = 0
configure:5089: result: yes
configure:5089: checking for sys/stat.h
configure:5089: /workspaces/sinsy/emsdk/upstream/emscripten/emcc -c -g -O2 -I/workspaces/sinsy/wasm_install/include conftest.c >&5
configure:5089: $? = 0
configure:5089: result: yes
configure:5089: checking for stdlib.h
configure:5089: /workspaces/sinsy/emsdk/upstream/emscripten/emcc -c -g -O2 -I/workspaces/sinsy/wasm_install/include conftest.c >&5
configure:5089: $? = 0
configure:5089: result: yes
configure:5089: checking for string.h
configure:5089: /workspaces/sinsy/emsdk/upstream/emscripten/emcc -c -g -O2 -I/workspaces/sinsy/wasm_install/include conftest.c >&5
configure:5089: $? = 0
configure:5089: result: yes
configure:5089: checking for memory.h
configure:5089: /workspaces/sinsy/emsdk/upstream/emscripten/emcc -c -g -O2 -I/workspaces/sinsy/wasm_install/include conftest.c >&5
configure:5089: $? = 0
configure:5089: result: yes
configure:5089: checking for strings.h
configure:5089: /workspaces/sinsy/emsdk/upstream/emscripten/emcc -c -g -O2 -I/workspaces/sinsy/wasm_install/include conftest.c >&5
configure:5089: $? = 0
configure:5089: result: yes
configure:5089: checking for inttypes.h
configure:5089: /workspaces/sinsy/emsdk/upstream/emscripten/emcc -c -g -O2 -I/workspaces/sinsy/wasm_install/include conftest.c >&5
configure:5089: $? = 0
configure:5089: result: yes
configure:5089: checking for stdint.h
configure:5089: /workspaces/sinsy/emsdk/upstream/emscripten/emcc -c -g -O2 -I/workspaces/sinsy/wasm_install/include conftest.c >&5
configure:5089: $? = 0
configure:5089: result: yes
configure:5089: checking for unistd.h
configure:5089: /workspaces/sinsy/emsdk/upstream/emscripten/emcc -c -g -O2 -I/workspaces/sinsy/wasm_install/include conftest.c >&5
configure:5089: $? = 0
configure:5089: result: yes
configure:5104: checking for stdlib.h
configure:5104: result: yes
configure:5104: checking for string.h
configure:5104: result: yes
configure:5117: checking for an ANSI C-conforming const
configure:5183: /workspaces/sinsy/emsdk/upstream/emscripten/emcc -c -g -O2 -I/workspaces/sinsy/wasm_install/include conftest.c >&5
configure:5183: $? = 0
configure:5190: result: yes
configure:5198: checking for size_t
configure:5198: /workspaces/sinsy/emsdk/upstream/emscripten/emcc -c -g -O2 -I/workspaces/sinsy/wasm_install/include conftest.c >&5
configure:5198: $? = 0
configure:5198: /workspaces/sinsy/emsdk/upstream/emscripten/emcc -c -g -O2 -I/workspaces/sinsy/wasm_install/include conftest.c >&5
conftest.c:60:21: error: expected expression
   60 | if (sizeof ((size_t)))
      |                     ^
1 error generated.
configure:5198: $? = 1
configure: failed program was:
| /* confdefs.h */
| #define PACKAGE_NAME "sinsy"
| #define PACKAGE_TARNAME "sinsy"
| #define PACKAGE_VERSION "0.92"
| #define PACKAGE_STRING "sinsy 0.92"
| #define PACKAGE_BUGREPORT "http://sinsy.sourceforge.net/"
| #define PACKAGE_URL ""
| #define PACKAGE "sinsy"
| #define VERSION "0.92"
| #define HAVE_LIBM 1
| #define STDC_HEADERS 1
| #define HAVE_SYS_TYPES_H 1
| #define HAVE_SYS_STAT_H 1
| #define HAVE_STDLIB_H 1
| #define HAVE_STRING_H 1
| #define HAVE_MEMORY_H 1
| #define HAVE_STRINGS_H 1
| #define HAVE_INTTYPES_H 1
| #define HAVE_STDINT_H 1
| #define HAVE_UNISTD_H 1
| #define HAVE_STDLIB_H 1
| #define HAVE_STRING_H 1
| /* end confdefs.h.  */
| #include <stdio.h>
| #ifdef HAVE_SYS_TYPES_H
| # include <sys/types.h>
| #endif
| #ifdef HAVE_SYS_STAT_H
| # include <sys/stat.h>
| #endif
| #ifdef STDC_HEADERS
| # include <stdlib.h>
| # include <stddef.h>
| #else
| # ifdef HAVE_STDLIB_H
| #  include <stdlib.h>
| # endif
| #endif
| #ifdef HAVE_STRING_H
| # if !defined STDC_HEADERS && defined HAVE_MEMORY_H
| #  include <memory.h>
| # endif
| # include <string.h>
| #endif
| #ifdef HAVE_STRINGS_H
| # include <strings.h>
| #endif
| #ifdef HAVE_INTTYPES_H
| # include <inttypes.h>
| #endif
| #ifdef HAVE_STDINT_H
| # include <stdint.h>
| #endif
| #ifdef HAVE_UNISTD_H
| # include <unistd.h>
| #endif
| int
| main ()
| {
| if (sizeof ((size_t)))
| 	    return 0;
|   ;
|   return 0;
| }
configure:5198: result: yes
configure:5213: checking size of char
configure:5218: /workspaces/sinsy/emsdk/upstream/emscripten/emcc -o conftest -g -O2 -I/workspaces/sinsy/wasm_install/include  conftest.c -lm  >&5
emcc: warning: running limited binaryen optimizations because DWARF info requested (or indirectly required) [-Wlimited-postlink-optimizations]
configure:5218: $? = 0
configure:5218: ./conftest
configure:5218: $? = 0
configure:5232: result: 1
configure:5246: checking size of unsigned char
configure:5251: /workspaces/sinsy/emsdk/upstream/emscripten/emcc -o conftest -g -O2 -I/workspaces/sinsy/wasm_install/include  conftest.c -lm  >&5
emcc: warning: running limited binaryen optimizations because DWARF info requested (or indirectly required) [-Wlimited-postlink-optimizations]
configure:5251: $? = 0
configure:5251: ./conftest
configure:5251: $? = 0
configure:5265: result: 1
configure:5279: checking size of short
configure:5284: /workspaces/sinsy/emsdk/upstream/emscripten/emcc -o conftest -g -O2 -I/workspaces/sinsy/wasm_install/include  conftest.c -lm  >&5
emcc: warning: running limited binaryen optimizations because DWARF info requested (or indirectly required) [-Wlimited-postlink-optimizations]
configure:5284: $? = 0
configure:5284: ./conftest
configure:5284: $? = 0
configure:5298: result: 2
configure:5312: checking size of unsigned short
configure:5317: /workspaces/sinsy/emsdk/upstream/emscripten/emcc -o conftest -g -O2 -I/workspaces/sinsy/wasm_install/include  conftest.c -lm  >&5
emcc: warning: running limited binaryen optimizations because DWARF info requested (or indirectly required) [-Wlimited-postlink-optimizations]
configure:5317: $? = 0
configure:5317: ./conftest
configure:5317: $? = 0
configure:5331: result: 2
configure:5345: checking size of int
configure:5350: /workspaces/sinsy/emsdk/upstream/emscripten/emcc -o conftest -g -O2 -I/workspaces/sinsy/wasm_install/include  conftest.c -lm  >&5
emcc: warning: running limited binaryen optimizations because DWARF info requested (or indirectly required) [-Wlimited-postlink-optimizations]
configure:5350: $? = 0
configure:5350: ./conftest
configure:5350: $? = 0
configure:5364: result: 4
configure:5378: checking size of unsigned int
configure:5383: /workspaces/sinsy/emsdk/upstream/emscripten/emcc -o conftest -g -O2 -I/workspaces/sinsy/wasm_install/include  conftest.c -lm  >&5
emcc: warning: running limited binaryen optimizations because DWARF info requested (or indirectly required) [-Wlimited-postlink-optimizations]
configure:5383: $? = 0
configure:5383: ./conftest
configure:5383: $? = 0
configure:5397: result: 4
configure:5411: checking size of long
configure:5416: /workspaces/sinsy/emsdk/upstream/emscripten/emcc -o conftest -g -O2 -I/workspaces/sinsy/wasm_install/include  conftest.c -lm  >&5
emcc: warning: running limited binaryen optimizations because DWARF info requested (or indirectly required) [-Wlimited-postlink-optimizations]
configure:5416: $? = 0
configure:5416: ./conftest
configure:5416: $? = 0
configure:5430: result: 4
configure:5444: checking size of unsigned long
configure:5449: /workspaces/sinsy/emsdk/upstream/emscripten/emcc -o conftest -g -O2 -I/workspaces/sinsy/wasm_install/include  conftest.c -lm  >&5
emcc: warning: running limited binaryen optimizations because DWARF info requested (or indirectly required) [-Wlimited-postlink-optimizations]
configure:5449: $? = 0
configure:5449: ./conftest
configure:5449: $? = 0
configure:5463: result: 4
configure:5477: checking size of long long
configure:5482: /workspaces/sinsy/emsdk/upstream/emscripten/emcc -o conftest -g -O2 -I/workspaces/sinsy/wasm_install/include  conftest.c -lm  >&5
emcc: warning: running limited binaryen optimizations because DWARF info requested (or indirectly required) [-Wlimited-postlink-optimizations]
configure:5482: $? = 0
configure:5482: ./conftest
configure:5482: $? = 0
configure:5496: result: 8
configure:5510: checking size of unsigned long long
configure:5515: /workspaces/sinsy/emsdk/upstream/emscripten/emcc -o conftest -g -O2 -I/workspaces/sinsy/wasm_install/include  conftest.c -lm  >&5
emcc: warning: running limited binaryen optimizations because DWARF info requested (or indirectly required) [-Wlimited-postlink-optimizations]
configure:5515: $? = 0
configure:5515: ./conftest
configure:5515: $? = 0
configure:5529: result: 8
configure:5543: checking for vprintf
configure:5543: /workspaces/sinsy/emsdk/upstream/emscripten/emcc -o conftest -g -O2 -I/workspaces/sinsy/wasm_install/include  conftest.c -lm  >&5
conftest.c:57:6: warning: incompatible redeclaration of library function 'vprintf' [-Wincompatible-library-redeclaration]
   57 | char vprintf ();
      |      ^
conftest.c:57:6: note: 'vprintf' is a builtin with type 'int (const char *restrict, __builtin_va_list)'
1 warning generated.
wasm-ld: warning: function signature mismatch: vprintf
>>> defined as () -> i32 in /tmp/emscripten_temp_6wqeskhb/conftest.o
>>> defined as (i32, i32) -> i32 in /workspaces/sinsy/emsdk/upstream/emscripten/cache/sysroot/lib/wasm32-emscripten/libc.a(vprintf.o)
emcc: warning: running limited binaryen optimizations because DWARF info requested (or indirectly required) [-Wlimited-postlink-optimizations]
configure:5543: $? = 0
configure:5543: result: yes
configure:5549: checking for _doprnt
configure:5549: /workspaces/sinsy/emsdk/upstream/emscripten/emcc -o conftest -g -O2 -I/workspaces/sinsy/wasm_install/include  conftest.c -lm  >&5
wasm-ld: error: /tmp/emscripten_temp_i6wrydux/conftest.o: undefined symbol: _doprnt
emcc: error: '/workspaces/sinsy/emsdk/upstream/bin/wasm-ld -o conftest.wasm -mllvm -combiner-global-alias-analysis=false -mllvm -enable-emscripten-sjlj -mllvm -disable-lsr /tmp/tmpz92fe3yalibemscripten_js_symbols.so --export=_emscripten_stack_alloc --export=__funcs_on_exit --export=__wasm_call_ctors --export=emscripten_stack_get_current --export=_emscripten_stack_restore --export-if-defined=__start_em_asm --export-if-defined=__stop_em_asm --export-if-defined=__start_em_lib_deps --export-if-defined=__stop_em_lib_deps --export-if-defined=__start_em_js --export-if-defined=__stop_em_js --export-if-defined=main --export-if-defined=__main_argc_argv --export-if-defined=fflush --export-table -z stack-size=65536 --no-growable-memory --initial-heap=16777216 --no-entry --no-stack-first --table-base=1 --global-base=1024 /tmp/emscripten_temp_i6wrydux/conftest.o -L/workspaces/sinsy/emsdk/upstream/emscripten/cache/sysroot/lib/wasm32-emscripten -L/workspaces/sinsy/emsdk/upstream/emscripten/src/lib -lGL-getprocaddr -lal -lhtml5 -lstubs -lc -ldlmalloc -lcompiler_rt -lc++-noexcept -lc++abi-noexcept -lsockets' failed (returned 1)
configure:5549: $? = 1
configure: failed program was:
| /* confdefs.h */
| #define PACKAGE_NAME "sinsy"
| #define PACKAGE_TARNAME "sinsy"
| #define PACKAGE_VERSION "0.92"
| #define PACKAGE_STRING "sinsy 0.92"
| #define PACKAGE_BUGREPORT "http://sinsy.sourceforge.net/"
| #define PACKAGE_URL ""
| #define PACKAGE "sinsy"
| #define VERSION "0.92"
| #define HAVE_LIBM 1
| #define STDC_HEADERS 1
| #define HAVE_SYS_TYPES_H 1
| #define HAVE_SYS_STAT_H 1
| #define HAVE_STDLIB_H 1
| #define HAVE_STRING_H 1
| #define HAVE_MEMORY_H 1
| #define HAVE_STRINGS_H 1
| #define HAVE_INTTYPES_H 1
| #define HAVE_STDINT_H 1
| #define HAVE_UNISTD_H 1
| #define HAVE_STDLIB_H 1
| #define HAVE_STRING_H 1
| #define SIZEOF_CHAR 1
| #define SIZEOF_UNSIGNED_CHAR 1
| #define SIZEOF_SHORT 2
| #define SIZEOF_UNSIGNED_SHORT 2
| #define SIZEOF_INT 4
| #define SIZEOF_UNSIGNED_INT 4
| #define SIZEOF_LONG 4
| #define SIZEOF_UNSIGNED_LONG 4
| #define SIZEOF_LONG_LONG 8
| #define SIZEOF_UNSIGNED_LONG_LONG 8
| #define HAVE_VPRINTF 1
| /* end confdefs.h.  */
| /* Define _doprnt to an innocuous variant, in case <limits.h> declares _doprnt.
|    For example, HP-UX 11i <limits.h> declares gettimeofday.  */
| #define _doprnt innocuous__doprnt
| 
| /* System header to define __stub macros and hopefully few prototypes,
|     which can conflict with char _doprnt (); below.
|     Prefer <limits.h> to <assert.h> if __STDC__ is defined, since
|     <limits.h> exists even on freestanding compilers.  */
| 
| #ifdef __STDC__
| # include <limits.h>
| #else
| # include <assert.h>
| #endif
| 
| #undef _doprnt
| 
| /* Override any GCC internal prototype to avoid an error.
|    Use char because int might match the return type of a GCC
|    builtin and then its argument prototype would still apply.  */
| #ifdef __cplusplus
| extern "C"
| #endif
| char _doprnt ();
| /* The GNU C library defines this for functions which it implements
|     to always fail with ENOSYS.  Some functions are actually named
|     something starting with __ and the normal name is an alias.  */
| #if defined __stub__doprnt || defined __stub____doprnt
| choke me
| #endif
| 
| int
| main ()
| {
| return _doprnt ();
|   ;
|   return 0;
| }
configure:5549: result: no
configure:5563: checking for sqrt
configure:5563: /workspaces/sinsy/emsdk/upstream/emscripten/emcc -o conftest -g -O2 -I/workspaces/sinsy/wasm_install/include  conftest.c -lm  >&5
conftest.c:58:6: warning: incompatible redeclaration of library function 'sqrt' [-Wincompatible-library-redeclaration]
   58 | char sqrt ();
      |      ^
conftest.c:58:6: note: 'sqrt' is a builtin with type 'double (double)'
1 warning generated.
wasm-ld: warning: function signature mismatch: sqrt
>>> defined as () -> i32 in /tmp/emscripten_temp_2k46whvr/conftest.o
>>> defined as (f64) -> f64 in /workspaces/sinsy/emsdk/upstream/emscripten/cache/sysroot/lib/wasm32-emscripten/libc.a(sqrt.o)
emcc: warning: running limited binaryen optimizations because DWARF info requested (or indirectly required) [-Wlimited-postlink-optimizations]
configure:5563: $? = 0
configure:5563: result: yes
configure:5563: checking for strchr
configure:5563: /workspaces/sinsy/emsdk/upstream/emscripten/emcc -o conftest -g -O2 -I/workspaces/sinsy/wasm_install/include  conftest.c -lm  >&5
conftest.c:59:6: warning: incompatible redeclaration of library function 'strchr' [-Wincompatible-library-redeclaration]
   59 | char strchr ();
      |      ^
conftest.c:59:6: note: 'strchr' is a builtin with type 'char *(const char *, int)'
1 warning generated.
wasm-ld: warning: function signature mismatch: strchr
>>> defined as () -> i32 in /tmp/emscripten_temp_vye6_v2l/conftest.o
>>> defined as (i32, i32) -> i32 in /workspaces/sinsy/emsdk/upstream/emscripten/cache/sysroot/lib/wasm32-emscripten/libc.a(strchr.o)
emcc: warning: running limited binaryen optimizations because DWARF info requested (or indirectly required) [-Wlimited-postlink-optimizations]
configure:5563: $? = 0
configure:5563: result: yes
configure:5563: checking for strrchr
configure:5563: /workspaces/sinsy/emsdk/upstream/emscripten/emcc -o conftest -g -O2 -I/workspaces/sinsy/wasm_install/include  conftest.c -lm  >&5
conftest.c:60:6: warning: incompatible redeclaration of library function 'strrchr' [-Wincompatible-library-redeclaration]
   60 | char strrchr ();
      |      ^
conftest.c:60:6: note: 'strrchr' is a builtin with type 'char *(const char *, int)'
1 warning generated.
wasm-ld: warning: function signature mismatch: strrchr
>>> defined as () -> i32 in /tmp/emscripten_temp_0zh56ph6/conftest.o
>>> defined as (i32, i32) -> i32 in /workspaces/sinsy/emsdk/upstream/emscripten/cache/sysroot/lib/wasm32-emscripten/libc.a(strrchr.o)
emcc: warning: running limited binaryen optimizations because DWARF info requested (or indirectly required) [-Wlimited-postlink-optimizations]
configure:5563: $? = 0
configure:5563: result: yes
configure:5563: checking for strstr
configure:5563: /workspaces/sinsy/emsdk/upstream/emscripten/emcc -o conftest -g -O2 -I/workspaces/sinsy/wasm_install/include  conftest.c -lm  >&5
conftest.c:61:6: warning: incompatible redeclaration of library function 'strstr' [-Wincompatible-library-redeclaration]
   61 | char strstr ();
      |      ^
conftest.c:61:6: note: 'strstr' is a builtin with type 'char *(const char *, const char *)'
1 warning generated.
wasm-ld: warning: function signature mismatch: strstr
>>> defined as () -> i32 in /tmp/emscripten_temp_d7utku1a/conftest.o
>>> defined as (i32, i32) -> i32 in /workspaces/sinsy/emsdk/upstream/emscripten/cache/sysroot/lib/wasm32-emscripten/libc.a(strstr.o)
emcc: warning: running limited binaryen optimizations because DWARF info requested (or indirectly required) [-Wlimited-postlink-optimizations]
configure:5563: $? = 0
configure:5563: result: yes
configure:5577: checking build system type
configure:5591: result: x86_64-pc-linux-gnu
configure:5611: checking host system type
configure:5624: result: wasm32-unknown-emscripten
configure:5644: checking whether byte ordering is bigendian
configure:5659: /workspaces/sinsy/emsdk/upstream/emscripten/emcc -c -g -O2 -I/workspaces/sinsy/wasm_install/include conftest.c >&5
conftest.c:40:9: error: unknown type name 'not'
   40 |                not a universal capable compiler
      |                ^
conftest.c:40:14: error: expected ';' after top level declarator
   40 |                not a universal capable compiler
      |                     ^
      |                     ;
2 errors generated.
configure:5659: $? = 1
configure: failed program was:
| /* confdefs.h */
| #define PACKAGE_NAME "sinsy"
| #define PACKAGE_TARNAME "sinsy"
| #define PACKAGE_VERSION "0.92"
| #define PACKAGE_STRING "sinsy 0.92"
| #define PACKAGE_BUGREPORT "http://sinsy.sourceforge.net/"
| #define PACKAGE_URL ""
| #define PACKAGE "sinsy"
| #define VERSION "0.92"
| #define HAVE_LIBM 1
| #define STDC_HEADERS 1
| #define HAVE_SYS_TYPES_H 1
| #define HAVE_SYS_STAT_H 1
| #define HAVE_STDLIB_H 1
| #define HAVE_STRING_H 1
| #define HAVE_MEMORY_H 1
| #define HAVE_STRINGS_H 1
| #define HAVE_INTTYPES_H 1
| #define HAVE_STDINT_H 1
| #define HAVE_UNISTD_H 1
| #define HAVE_STDLIB_H 1
| #define HAVE_STRING_H 1
| #define SIZEOF_CHAR 1
| #define SIZEOF_UNSIGNED_CHAR 1
| #define SIZEOF_SHORT 2
| #define SIZEOF_UNSIGNED_SHORT 2
| #define SIZEOF_INT 4
| #define SIZEOF_UNSIGNED_INT 4
| #define SIZEOF_LONG 4
| #define SIZEOF_UNSIGNED_LONG 4
| #define SIZEOF_LONG_LONG 8
| #define SIZEOF_UNSIGNED_LONG_LONG 8
| #define HAVE_VPRINTF 1
| #define HAVE_SQRT 1
| #define HAVE_STRCHR 1
| #define HAVE_STRRCHR 1
| #define HAVE_STRSTR 1
| /* end confdefs.h.  */
| #ifndef __APPLE_CC__
| 	       not a universal capable compiler
| 	     #endif
| 	     typedef int dummy;
| 
configure:5704: /workspaces/sinsy/emsdk/upstream/emscripten/emcc -c -g -O2 -I/workspaces/sinsy/wasm_install/include conftest.c >&5
configure:5704: $? = 0
configure:5722: /workspaces/sinsy/emsdk/upstream/emscripten/emcc -c -g -O2 -I/workspaces/sinsy/wasm_install/include conftest.c >&5
conftest.c:46:4: error: use of undeclared identifier 'not'
   46 |                  not big endian
      |                  ^~~
1 error generated.
configure:5722: $? = 1
configure: failed program was:
| /* confdefs.h */
| #define PACKAGE_NAME "sinsy"
| #define PACKAGE_TARNAME "sinsy"
| #define PACKAGE_VERSION "0.92"
| #define PACKAGE_STRING "sinsy 0.92"
| #define PACKAGE_BUGREPORT "http://sinsy.sourceforge.net/"
| #define PACKAGE_URL ""
| #define PACKAGE "sinsy"
| #define VERSION "0.92"
| #define HAVE_LIBM 1
| #define STDC_HEADERS 1
| #define HAVE_SYS_TYPES_H 1
| #define HAVE_SYS_STAT_H 1
| #define HAVE_STDLIB_H 1
| #define HAVE_STRING_H 1
| #define HAVE_MEMORY_H 1
| #define HAVE_STRINGS_H 1
| #define HAVE_INTTYPES_H 1
| #define HAVE_STDINT_H 1
| #define HAVE_UNISTD_H 1
| #define HAVE_STDLIB_H 1
| #define HAVE_STRING_H 1
| #define SIZEOF_CHAR 1
| #define SIZEOF_UNSIGNED_CHAR 1
| #define SIZEOF_SHORT 2
| #define SIZEOF_UNSIGNED_SHORT 2
| #define SIZEOF_INT 4
| #define SIZEOF_UNSIGNED_INT 4
| #define SIZEOF_LONG 4
| #define SIZEOF_UNSIGNED_LONG 4
| #define SIZEOF_LONG_LONG 8
| #define SIZEOF_UNSIGNED_LONG_LONG 8
| #define HAVE_VPRINTF 1
| #define HAVE_SQRT 1
| #define HAVE_STRCHR 1
| #define HAVE_STRRCHR 1
| #define HAVE_STRSTR 1
| /* end confdefs.h.  */
| #include <sys/types.h>
| 		#include <sys/param.h>
| 
| int
| main ()
| {
| #if BYTE_ORDER != BIG_ENDIAN
| 		 not big endian
| 		#endif
| 
|   ;
|   return 0;
| }
configure:5850: result: no
configure:5973: checking that generated files are newer than configure
configure:5979: result: done
configure:6007: creating ./config.status

## ---------------------- ##
## Running config.status. ##
## ---------------------- ##

This file was extended by sinsy config.status 0.92, which was
generated by GNU Autoconf 2.69.  Invocation command line was

  CONFIG_FILES    = 
  CONFIG_HEADERS  = 
  CONFIG_LINKS    = 
  CONFIG_COMMANDS = 
  $ ./config.status 

on codespaces-11f37e

config.status:886: creating Makefile
config.status:886: creating lib/Makefile
config.status:886: creating bin/Makefile
config.status:886: creating dic/Makefile
config.status:886: creating include/config.h
config.status:1115: executing depfiles commands
config.status:1192: cd lib       && sed -e '/# am--include-marker/d' Makefile         | make -f - am--depfiles
make[1]: warning: jobserver unavailable: using -j1.  Add '+' to parent make rule.
make[1]: Entering directory '/workspaces/sinsy/lib'
make[1]: Nothing to be done for 'am--depfiles'.
make[1]: Leaving directory '/workspaces/sinsy/lib'
config.status:1197: $? = 0
config.status:1192: cd bin       && sed -e '/# am--include-marker/d' Makefile         | make -f - am--depfiles
make[1]: warning: jobserver unavailable: using -j1.  Add '+' to parent make rule.
make[1]: Entering directory '/workspaces/sinsy/bin'
make[1]: Nothing to be done for 'am--depfiles'.
make[1]: Leaving directory '/workspaces/sinsy/bin'
config.status:1197: $? = 0
